-- Building for: Visual Studio 17 2022
-- Selecting Windows SDK version 10.0.26100.0 to target Windows 10.0.26200.
-- The C compiler identification is MSVC 19.44.35225.0
-- The CXX compiler identification is MSVC 19.44.35225.0
-- Detecting C compiler ABI info
-- Detecting C compiler ABI info - done
-- Check for working C compiler: C:/Program Files/Microsoft Visual Studio/2022/Enterprise/VC/Tools/MSVC/14.44.35207/bin/Hostx64/x64/cl.exe - skipped
-- Detecting C compile features
-- Detecting C compile features - done
-- Detecting CXX compiler ABI info
-- Detecting CXX compiler ABI info - done
-- Check for working CXX compiler: C:/Program Files/Microsoft Visual Studio/2022/Enterprise/VC/Tools/MSVC/14.44.35207/bin/Hostx64/x64/cl.exe - skipped
-- Detecting CXX compile features
-- Detecting CXX compile features - done
-- 已配置 Boost 库支持，根目录: C:/boost_1_91_0
CMake Warning (dev) at CMakeLists.txt:152 (install):
  Policy CMP0177 is not set: install() DESTINATION paths are normalized.  Run
  "cmake --help-policy CMP0177" for policy details.  Use the cmake_policy
  command to set the policy and suppress this warning.
This warning is for project developers.  Use -Wno-dev to suppress it.

-- Configuring done (5.8s)
-- Generating done (0.0s)
CMake Warning:
  Manually-specified variables were not used by the project:

    CMAKE_BUILD_TYPE


-- Build files have been written to: D:/github.com/kangwenjun/cpprun/build/cJSON
适用于 .NET Framework MSBuild 版本 17.14.40+3e7442088

  Checking File Globs
  1>Checking Build System
  Building Custom Rule D:/github.com/kangwenjun/cpprun/scripts/CMakeLists.txt
  cJSON.c
  cJSON_Utils.c
  cpprun_test.c
  正在生成代码...
    正在创建库 D:/github.com/kangwenjun/cpprun/build/cJSON/Debug/cpprun.lib 和对象 D:/github.com/kangwenjun/cpprun/build/cJSON/Debug/cpprun.exp
  cpprun.vcxproj -> D:\github.com\kangwenjun\cpprun\build\cJSON\Debug\cpprun.exe
  Building Custom Rule D:/github.com/kangwenjun/cpprun/scripts/CMakeLists.txt
UpdateCTestConfiguration  from :D:/github.com/kangwenjun/cpprun/build/cJSON/DartConfiguration.tcl
Test project D:/github.com/kangwenjun/cpprun/build/cJSON
Constructing a list of tests
Done constructing a list of tests
Updating test list for fixtures
Added 0 tests to meet fixture requirements
Checking test dependency graph...
Checking test dependency graph end
test 1
    Start 1: run_project

1: Test command: D:\github.com\kangwenjun\cpprun\build\cJSON\Debug\cpprun.exe
1: Working Directory: D:/github.com/kangwenjun/cpprun/build/cJSON
1: Test timeout computed to be: 10000000
1: === cJSON Test Demo ===
1: 
1: 1. Creating a JSON object with various types:
1: {
1: 	"name":	"John Doe",
1: 	"age":	30,
1: 	"isStudent":	false,
1: 	"nickname":	null
1: }
1: 
1: 2. Creating a JSON array:
1: ["apple", "banana", "cherry"]
1: 
1: 3. Nested objects and arrays:
1: {
1: 	"name":	"Alice",
1: 	"hobbies":	["reading", "swimming", "coding"],
1: 	"address":	{
1: 		"city":	"Beijing",
1: 		"country":	"China"
1: 	}
1: }
1: 
1: 4. Parsing JSON string:
1: Name: Bob
1: Age: 25
1: Scores: 85 90 78 
1: 
1: 5. Modifying JSON object:
1: Before: {
1: 	"count":	10,
1: 	"name":	"test"
1: }
1: After:  {
1: 	"count":	100,
1: 	"name":	"test"
1: }
1: 
1: 6. Iterating array with cJSON_ArrayForEach:
1: Array items: 1 2 3 4 5 
1: 
1: 7. Unformatted JSON output:
1: {"name":"Alice","hobbies":["reading","swimming","coding"],"address":{"city":"Beijing","country":"China"}}
1: 
1: === Test completed successfully! ===
1/1 Test #1: run_project ......................   Passed    0.49 sec

100% tests passed, 0 tests failed out of 1

Total Test time (real) =   0.50 sec
cmake version 4.3.1

CMake suite maintained and supported by Kitware (kitware.com/cmake).

cpprun: 运行命令: cmake -S D:\github.com\kangwenjun\cpprun\scripts -B D:\github.com\kangwenjun\cpprun\build\cJSON -DCMAKE_BUILD_TYPE=Debug -DDIR_LIST=D:/github.com/kangwenjun/cpprun/src/cJSON -DTARGET_NAME=cpprun
cpprun: 运行命令: cmake --build D:\github.com\kangwenjun\cpprun\build\cJSON --config Debug
cpprun: 运行命令: ctest -V --test-dir D:\github.com\kangwenjun\cpprun\build\cJSON -C Debug
