-- Building for: Visual Studio 17 2022
-- Selecting Windows SDK version 10.0.26100.0 to target Windows 10.0.26200.
-- The C compiler identification is MSVC 19.44.35225.0
-- The CXX compiler identification is MSVC 19.44.35225.0
-- Detecting C compiler ABI info
-- Detecting C compiler ABI info - done
-- Check for working C compiler: C:/Program Files/Microsoft Visual Studio/2022/Enterprise/VC/Tools/MSVC/14.44.35207/bin/Hostx64/x64/cl.exe - skipped
-- Detecting C compile features
-- Detecting C compile features - done
-- Detecting CXX compiler ABI info
-- Detecting CXX compiler ABI info - done
-- Check for working CXX compiler: C:/Program Files/Microsoft Visual Studio/2022/Enterprise/VC/Tools/MSVC/14.44.35207/bin/Hostx64/x64/cl.exe - skipped
-- Detecting CXX compile features
-- Detecting CXX compile features - done
-- 已配置 Boost 库支持，根目录: C:/boost_1_91_0
-- Configuring done (3.3s)
-- Generating done (0.0s)
CMake Warning:
  Manually-specified variables were not used by the project:

    CMAKE_BUILD_TYPE


-- Build files have been written to: D:/github.com/kangwenjun/cpprun/build/gpu
适用于 .NET Framework MSBuild 版本 17.14.40+3e7442088

  1>Checking Build System
  Building Custom Rule D:/github.com/kangwenjun/cpprun/scripts/CMakeLists.txt
  gpu.cpp
C:\boost_1_91_0\boost\compute\cl.hpp(19,10): error C1083: 无法打开包括文件: “CL/cl.h”: No such file or directory [D:\github.com\kangwenjun\cpprun\build\gpu\cpprun.vcxproj]
  (编译源文件“../../src/boostorg/gpu.cpp”)
  
cmake version 4.3.1

CMake suite maintained and supported by Kitware (kitware.com/cmake).

cpprun: 提示: 仅提供源文件，CMake 配置可能会失败（如果 CMakeLists.txt 没有定义 SOURCES）。
cpprun: 运行命令: cmake -S D:\github.com\kangwenjun\cpprun\scripts -B D:\github.com\kangwenjun\cpprun\build\gpu -DSOURCES=D:/github.com/kangwenjun/cpprun/src/boostorg/gpu.cpp -DCMAKE_BUILD_TYPE=Debug -DTARGET_NAME=cpprun -D__MAIN__=ON
cpprun: 运行命令: cmake --build D:\github.com\kangwenjun\cpprun\build\gpu --config Debug
