-- Building for: Visual Studio 17 2022
-- Selecting Windows SDK version 10.0.26100.0 to target Windows 10.0.26200.
-- The C compiler identification is MSVC 19.44.35225.0
-- The CXX compiler identification is MSVC 19.44.35225.0
-- Detecting C compiler ABI info
-- Detecting C compiler ABI info - done
-- Check for working C compiler: C:/Program Files/Microsoft Visual Studio/2022/Enterprise/VC/Tools/MSVC/14.44.35207/bin/Hostx64/x64/cl.exe - skipped
-- Detecting C compile features
-- Detecting C compile features - done
-- Detecting CXX compiler ABI info
-- Detecting CXX compiler ABI info - done
-- Check for working CXX compiler: C:/Program Files/Microsoft Visual Studio/2022/Enterprise/VC/Tools/MSVC/14.44.35207/bin/Hostx64/x64/cl.exe - skipped
-- Detecting CXX compile features
-- Detecting CXX compile features - done
-- 已配置 Boost 库支持，根目录: C:/boost_1_91_0
-- Configuring done (3.4s)
-- Generating done (0.1s)
CMake Warning:
  Manually-specified variables were not used by the project:

    CMAKE_BUILD_TYPE


-- Build files have been written to: D:/github.com/kangwenjun/cpprun/build/std_vformat
适用于 .NET Framework MSBuild 版本 17.14.40+3e7442088

  1>Checking Build System
  Building Custom Rule D:/github.com/kangwenjun/cpprun/scripts/CMakeLists.txt
  main.cpp
  cpprun.vcxproj -> D:\github.com\kangwenjun\cpprun\build\std_vformat\Debug\cpprun.exe
  Building Custom Rule D:/github.com/kangwenjun/cpprun/scripts/CMakeLists.txt
UpdateCTestConfiguration  from :D:/github.com/kangwenjun/cpprun/build/std_vformat/DartConfiguration.tcl
Test project D:/github.com/kangwenjun/cpprun/build/std_vformat
Constructing a list of tests
Done constructing a list of tests
Updating test list for fixtures
Added 0 tests to meet fixture requirements
Checking test dependency graph...
Checking test dependency graph end
test 1
    Start 1: run_project

1: Test command: D:\github.com\kangwenjun\cpprun\build\std_vformat\Debug\cpprun.exe
1: Working Directory: D:/github.com/kangwenjun/cpprun/build/std_vformat
1: Test timeout computed to be: 10000000
1: vformat with make_format_args direct: Hello world, number=123
1/1 Test #1: run_project ......................   Passed    0.06 sec

100% tests passed, 0 tests failed out of 1

Total Test time (real) =   0.07 sec
cmake version 4.3.1

CMake suite maintained and supported by Kitware (kitware.com/cmake).

cpprun: 提示: 仅提供头文件，已生成 D:\github.com\kangwenjun\cpprun\build\std_vformat\main.cpp 以允许 CMake 配置。
cpprun: 运行命令: cmake -S D:\github.com\kangwenjun\cpprun\scripts -B D:\github.com\kangwenjun\cpprun\build\std_vformat -DSOURCES=D:/github.com/kangwenjun/cpprun/src/format/std_vformat.hpp;D:/github.com/kangwenjun/cpprun/build/std_vformat/main.cpp -DCMAKE_BUILD_TYPE=Debug -DTARGET_NAME=cpprun
cpprun: 运行命令: cmake --build D:\github.com\kangwenjun\cpprun\build\std_vformat --config Debug
cpprun: 运行命令: ctest -V --test-dir D:\github.com\kangwenjun\cpprun\build\std_vformat -C Debug
