-- Building for: Visual Studio 18 2026
-- Selecting Windows SDK version 10.0.26100.0 to target Windows 10.0.26200.
-- The C compiler identification is MSVC 19.50.35727.0
-- The CXX compiler identification is MSVC 19.50.35727.0
-- Detecting C compiler ABI info
-- Detecting C compiler ABI info - done
-- Check for working C compiler: C:/Program Files (x86)/Microsoft Visual Studio/18/BuildTools/VC/Tools/MSVC/14.50.35717/bin/Hostx64/x64/cl.exe - skipped
-- Detecting C compile features
-- Detecting C compile features - done
-- Detecting CXX compiler ABI info
-- Detecting CXX compiler ABI info - done
-- Check for working CXX compiler: C:/Program Files (x86)/Microsoft Visual Studio/18/BuildTools/VC/Tools/MSVC/14.50.35717/bin/Hostx64/x64/cl.exe - skipped
-- Detecting CXX compile features
-- Detecting CXX compile features - done
-- Configuring done (3.8s)
-- Generating done (0.0s)
CMake Warning:
  Manually-specified variables were not used by the project:

    CMAKE_BUILD_TYPE


-- Build files have been written to: D:/cpprun/build/stopwatch
适用于 .NET Framework MSBuild 版本 18.4.0+6e61e96ac

  1>Checking Build System
  Building Custom Rule D:/cpprun/scripts/CMakeLists.txt
  main.cpp
  project_bin.vcxproj -> D:\cpprun\build\stopwatch\Debug\project_bin.exe
  Building Custom Rule D:/cpprun/scripts/CMakeLists.txt
UpdateCTestConfiguration  from :D:/cpprun/build/stopwatch/DartConfiguration.tcl
Test project D:/cpprun/build/stopwatch
Constructing a list of tests
Done constructing a list of tests
Updating test list for fixtures
Added 0 tests to meet fixture requirements
Checking test dependency graph...
Checking test dependency graph end
test 1
    Start 1: run_project

1: Test command: D:\cpprun\build\stopwatch\Debug\project_bin.exe
1: Working Directory: D:/cpprun/build/stopwatch
1: Test timeout computed to be: 10000000
1: Elapsed time: 0 ms
1/1 Test #1: run_project ......................   Passed    0.02 sec

100% tests passed, 0 tests failed out of 1

Total Test time (real) =   0.03 sec
cmake version 4.3.1

CMake suite maintained and supported by Kitware (kitware.com/cmake).

cpprun: 提示: 仅提供头文件，已生成 D:\cpprun\build\stopwatch\main.cpp 以允许 CMake 配置。
cpprun: 运行命令: cmake -S D:\cpprun\scripts -B D:\cpprun\build\stopwatch -DSOURCES=D:/cpprun/src/stopwatch.hpp;D:/cpprun/build/stopwatch/main.cpp -DCMAKE_BUILD_TYPE=Debug -DTARGET_NAME=project_bin
cpprun: 运行命令: cmake --build D:\cpprun\build\stopwatch --config Debug
cpprun: 运行命令: ctest -V --test-dir D:\cpprun\build\stopwatch -C Debug
