-- Building for: Visual Studio 17 2022
-- Selecting Windows SDK version 10.0.26100.0 to target Windows 10.0.26200.
-- The C compiler identification is MSVC 19.44.35225.0
-- The CXX compiler identification is MSVC 19.44.35225.0
-- Detecting C compiler ABI info
-- Detecting C compiler ABI info - done
-- Check for working C compiler: C:/Program Files/Microsoft Visual Studio/2022/Enterprise/VC/Tools/MSVC/14.44.35207/bin/Hostx64/x64/cl.exe - skipped
-- Detecting C compile features
-- Detecting C compile features - done
-- Detecting CXX compiler ABI info
-- Detecting CXX compiler ABI info - done
-- Check for working CXX compiler: C:/Program Files/Microsoft Visual Studio/2022/Enterprise/VC/Tools/MSVC/14.44.35207/bin/Hostx64/x64/cl.exe - skipped
-- Detecting CXX compile features
-- Detecting CXX compile features - done
-- 已配置 Boost 库支持，根目录: C:/boost_1_91_0
-- Configuring done (3.4s)
-- Generating done (0.1s)
CMake Warning:
  Manually-specified variables were not used by the project:

    CMAKE_BUILD_TYPE


-- Build files have been written to: D:/github.com/kangwenjun/cpprun/build/wait
适用于 .NET Framework MSBuild 版本 17.14.40+3e7442088

  1>Checking Build System
  Building Custom Rule D:/github.com/kangwenjun/cpprun/scripts/CMakeLists.txt
  main.cpp
  cpprun.vcxproj -> D:\github.com\kangwenjun\cpprun\build\wait\Debug\cpprun.exe
  Building Custom Rule D:/github.com/kangwenjun/cpprun/scripts/CMakeLists.txt
UpdateCTestConfiguration  from :D:/github.com/kangwenjun/cpprun/build/wait/DartConfiguration.tcl
Test project D:/github.com/kangwenjun/cpprun/build/wait
Constructing a list of tests
Done constructing a list of tests
Updating test list for fixtures
Added 0 tests to meet fixture requirements
Checking test dependency graph...
Checking test dependency graph end
test 1
    Start 1: run_project

1: Test command: D:\github.com\kangwenjun\cpprun\build\wait\Debug\cpprun.exe
1: Working Directory: D:/github.com/kangwenjun/cpprun/build/wait
1: Test timeout computed to be: 10000000
1: Benchmarks (average per call in microseconds)
1: --- duration: 0 ms ---
1: wait_for:    0.14 us
1: wait_until:  0.13 us
1: sleep_for:   0.1 us
1: sleep_until: 0.1 us
1: spin_for:    0.09 us
1: spin_until:  0.1 us
1: --- duration: 1 ms ---
1: wait_for:    15527.8 us
1: wait_until:  15575.6 us
1: sleep_for:   15630.2 us
1: sleep_until: 15222 us
1: spin_for:    1000.13 us
1: spin_until:  1000.14 us
1: --- duration: 5 ms ---
1: wait_for:    15633.3 us
1: wait_until:  15669.4 us
1: sleep_for:   15436.2 us
1: sleep_until: 15383.2 us
1: spin_for:    5001.2 us
1: spin_until:  5000.57 us
1: --- duration: 10 ms ---
1: wait_for:    15683.1 us
1: wait_until:  15450.7 us
1: sleep_for:   15623.9 us
1: sleep_until: 15373.5 us
1: spin_for:    10000.8 us
1: spin_until:  10001 us
1/1 Test #1: run_project ......................   Passed    5.73 sec

100% tests passed, 0 tests failed out of 1

Total Test time (real) =   5.74 sec
cmake version 4.3.1

CMake suite maintained and supported by Kitware (kitware.com/cmake).

cpprun: 提示: 仅提供头文件，已生成 D:\github.com\kangwenjun\cpprun\build\wait\main.cpp 以允许 CMake 配置。
cpprun: 运行命令: cmake -S D:\github.com\kangwenjun\cpprun\scripts -B D:\github.com\kangwenjun\cpprun\build\wait -DSOURCES=D:/github.com/kangwenjun/cpprun/src/time/wait.hpp;D:/github.com/kangwenjun/cpprun/build/wait/main.cpp -DCMAKE_BUILD_TYPE=Debug -DTARGET_NAME=cpprun
cpprun: 运行命令: cmake --build D:\github.com\kangwenjun\cpprun\build\wait --config Debug
cpprun: 运行命令: ctest -V --test-dir D:\github.com\kangwenjun\cpprun\build\wait -C Debug
